<?xml version="1.0" encoding="UTF-8"?>
<testng-results skipped="0" failed="0" ignored="0" total="1" passed="1">
  <reporter-output>
    <line>
      <![CDATA[hi]]>
    </line>
  </reporter-output>
  <suite name="Default suite" duration-ms="47" started-at="2017-12-07T09:55:24Z" finished-at="2017-12-07T09:55:24Z">
    <groups>
    </groups>
    <test name="Default test" duration-ms="47" started-at="2017-12-07T09:55:24Z" finished-at="2017-12-07T09:55:24Z">
      <class name="com.tests.NewTest1">
        <test-method status="PASS" signature="f()[pri:0, instance:com.tests.NewTest1@573f2bb1]" name="f" duration-ms="16" started-at="2017-12-07T15:25:24Z" finished-at="2017-12-07T15:25:24Z">
          <reporter-output>
            <line>
              <![CDATA[hi]]>
            </line>
          </reporter-output>
        </test-method> <!-- f -->
      </class> <!-- com.tests.NewTest1 -->
    </test> <!-- Default test -->
  </suite> <!-- Default suite -->
</testng-results>
